#
# There is insufficient memory for the Java Runtime Environment to continue.
# Native memory allocation (malloc) failed to allocate 1629168 bytes for Chunk::new
# Possible reasons:
#   The system is out of physical RAM or swap space
#   The process is running with CompressedOops enabled, and the Java Heap may be blocking the growth of the native heap
# Possible solutions:
#   Reduce memory load on the system
#   Increase physical memory or swap space
#   Check if swap backing store is full
#   Decrease Java heap size (-Xmx/-Xms)
#   Decrease number of Java threads
#   Decrease Java thread stack sizes (-Xss)
#   Set larger code cache with -XX:ReservedCodeCacheSize=
#   JVM is running with Unscaled Compressed Oops mode in which the Java heap is
#     placed in the first 4GB address space. The Java Heap base address is the
#     maximum limit for the native heap growth. Please use -XX:HeapBaseMinAddress
#     to set the Java Heap base and to place the Java Heap above 4GB virtual address.
# This output file may be truncated or incomplete.
#
#  Out of Memory Error (allocation.cpp:389), pid=4316, tid=0x0000000000001924
#
# JRE version: OpenJDK Runtime Environment (8.0_202-b03) (build 1.8.0_202-release-1483-b03)
# Java VM: OpenJDK 64-Bit Server VM (25.202-b03 mixed mode windows-amd64 compressed oops)
# Failed to write core dump. Minidumps are not enabled by default on client versions of Windows
#

---------------  T H R E A D  ---------------

Current thread (0x0000000015ed7800):  JavaThread "C2 CompilerThread0" daemon [_thread_in_native, id=6436, stack(0x0000000017520000,0x0000000017620000)]

Stack: [0x0000000017520000,0x0000000017620000]
[error occurred during error reporting (printing stack bounds), id 0xc0000005]

Native frames: (J=compiled Java code, j=interpreted, Vv=VM code, C=native code)


Current CompileTask:
C2:   3746 1397       4       java.net.URLClassLoader$1::run (5 bytes)


---------------  P R O C E S S  ---------------

Java Threads: ( => current thread )
  0x0000000015ed9000 JavaThread "Cache worker for file hash cache (F:\MyApp\RoofOnClick\.gradle\5.4.1\fileHashes)" [_thread_blocked, id=7996, stack(0x000000001e2c0000,0x000000001e3c0000)]
  0x0000000015eda800 JavaThread "Cache worker for journal cache (C:\Users\admin\.gradle\caches\journal-1)" [_thread_blocked, id=752, stack(0x000000001aa70000,0x000000001ab70000)]
  0x0000000015edf000 JavaThread "File lock request listener" [_thread_in_native, id=5796, stack(0x000000001a970000,0x000000001aa70000)]
  0x0000000015edf800 JavaThread "Cache worker for file hash cache (C:\Users\admin\.gradle\caches\5.4.1\fileHashes)" [_thread_blocked, id=5640, stack(0x000000001a870000,0x000000001a970000)]
  0x00000000191c2800 JavaThread "Thread-9" [_thread_blocked, id=3188, stack(0x000000001a770000,0x000000001a870000)]
  0x0000000017c06000 JavaThread "Stdin handler" [_thread_blocked, id=11216, stack(0x000000001a670000,0x000000001a770000)]
  0x0000000017e59000 JavaThread "Asynchronous log dispatcher for DefaultDaemonConnection: socket connection from /127.0.0.1:50250 to /127.0.0.1:50251" [_thread_blocked, id=8464, stack(0x000000001a570000,0x000000001a670000)]
  0x0000000017c05000 JavaThread "Daemon worker" [_thread_in_vm, id=1136, stack(0x000000001a470000,0x000000001a570000)]
  0x0000000018d73800 JavaThread "Cancel handler" [_thread_blocked, id=2512, stack(0x000000001a370000,0x000000001a470000)]
  0x0000000018637000 JavaThread "Handler for socket connection from /127.0.0.1:50250 to /127.0.0.1:50251" [_thread_in_native, id=11028, stack(0x000000001a070000,0x000000001a170000)]
  0x0000000018632000 JavaThread "Daemon" [_thread_blocked, id=9316, stack(0x0000000019f70000,0x000000001a070000)]
  0x0000000017ff4800 JavaThread "Daemon periodic checks" [_thread_blocked, id=6680, stack(0x0000000019e70000,0x0000000019f70000)]
  0x0000000017ff8800 JavaThread "Incoming local TCP Connector on port 50250" [_thread_in_native, id=7800, stack(0x0000000019c30000,0x0000000019d30000)]
  0x0000000019007800 JavaThread "Daemon health stats" [_thread_blocked, id=7084, stack(0x00000000195f0000,0x00000000196f0000)]
  0x000000001784d000 JavaThread "Service Thread" daemon [_thread_blocked, id=9084, stack(0x0000000017c20000,0x0000000017d20000)]
  0x0000000015edc800 JavaThread "C1 CompilerThread2" daemon [_thread_blocked, id=1976, stack(0x0000000017720000,0x0000000017820000)]
  0x0000000015edd800 JavaThread "C2 CompilerThread1" daemon [_thread_in_native, id=8280, stack(0x0000000017620000,0x0000000017720000)]
=>0x0000000015ed7800 JavaThread "C2 CompilerThread0" daemon [_thread_in_native, id=6436, stack(0x0000000017520000,0x0000000017620000)]
  0x0000000015ed6000 JavaThread "Attach Listener" daemon [_thread_blocked, id=9688, stack(0x0000000017420000,0x0000000017520000)]
  0x0000000015ed4800 JavaThread "Signal Dispatcher" daemon [_thread_blocked, id=6208, stack(0x0000000017320000,0x0000000017420000)]
  0x000000000255b800 JavaThread "Finalizer" daemon [_thread_blocked, id=680, stack(0x0000000017120000,0x0000000017220000)]
  0x0000000015eb9000 JavaThread "Reference Handler" daemon [_thread_blocked, id=10780, stack(0x0000000017020000,0x0000000017120000)]
  0x00000000023ad800 JavaThread "main" [_thread_blocked, id=8948, stack(0x0000000002260000,0x0000000002360000)]

Other Threads:
  0x0000000015e98000 VMThread [stack: 0x0000000016f20000,0x0000000017020000] [id=5888]
  0x0000000017850800 WatcherThread [stack: 0x0000000017d20000,0x0000000017e20000] [id=2520]

VM state:not at safepoint (normal execution)

VM Mutex/Monitor currently owned by a thread: None

heap address: 0x00000000a0000000, size: 1536 MB, Compressed Oops mode: 32-bit
Narrow klass base: 0x0000000000000000, Narrow klass shift: 3
Compressed class space size: 1073741824 Address: 0x0000000100000000

Heap:
 PSYoungGen      total 38400K, used 13162K [0x00000000e0000000, 0x00000000e4b00000, 0x0000000100000000)
  eden space 33280K, 24% used [0x00000000e0000000,0x00000000e07de8d8,0x00000000e2080000)
  from space 5120K, 99% used [0x00000000e2580000,0x00000000e2a7c050,0x00000000e2a80000)
  to   space 5120K, 0% used [0x00000000e2080000,0x00000000e2080000,0x00000000e2580000)
 ParOldGen       total 87552K, used 4951K [0x00000000a0000000, 0x00000000a5580000, 0x00000000e0000000)
  object space 87552K, 5% used [0x00000000a0000000,0x00000000a04d5f20,0x00000000a5580000)
 Metaspace       used 16711K, capacity 17092K, committed 17152K, reserved 1064960K
  class space    used 2404K, capacity 2552K, committed 2560K, reserved 1048576K

Card table byte_map: [0x0000000011920000,0x0000000011c30000] byte_map_base: 0x0000000011420000

Marking Bits: (ParMarkBitMap*) 0x000000005e929f30
 Begin Bits: [0x0000000012230000, 0x0000000013a30000)
 End Bits:   [0x0000000013a30000, 0x0000000015230000)

Polling page: 0x0000000000630000

CodeCache: size=245760Kb used=5237Kb max_used=5237Kb free=240522Kb
 bounds [0x0000000002560000, 0x0000000002a80000, 0x0000000011560000]
 total_blobs=1922 nmethods=1524 adapters=311
 compilation: enabled

Compilation events (10 events):
Event: 3.573 Thread 0x0000000015edc800 1523       3       com.google.common.base.Preconditions::checkPositionIndex (25 bytes)
Event: 3.574 Thread 0x0000000015edc800 nmethod 1523 0x0000000002a79e90 code [0x0000000002a7a000, 0x0000000002a7a298]
Event: 3.576 Thread 0x0000000015edc800 1524       3       java.util.concurrent.locks.ReentrantLock$Sync::tryRelease (45 bytes)
Event: 3.577 Thread 0x0000000015edc800 nmethod 1524 0x0000000002a7a390 code [0x0000000002a7a520, 0x0000000002a7aac8]
Event: 3.648 Thread 0x0000000015edc800 1525       3       org.objectweb.asm.SymbolTable::get (13 bytes)
Event: 3.648 Thread 0x0000000015edc800 nmethod 1525 0x0000000002a7bf90 code [0x0000000002a7c0e0, 0x0000000002a7c270]
Event: 3.677 Thread 0x0000000015edc800 1526       3       java.util.regex.Pattern::RemoveQEQuoting (346 bytes)
Event: 3.679 Thread 0x0000000015edc800 nmethod 1526 0x0000000002a7c350 code [0x0000000002a7c5a0, 0x0000000002a7d698]
Event: 3.697 Thread 0x0000000015edc800 1527       3       java.lang.Package::<init> (56 bytes)
Event: 3.698 Thread 0x0000000015edc800 nmethod 1527 0x0000000002a7dfd0 code [0x0000000002a7e120, 0x0000000002a7e390]

GC Heap History (8 events):
Event: 1.374 GC heap before
{Heap before GC invocations=1 (full 0):
 PSYoungGen      total 38400K, used 33280K [0x00000000e0000000, 0x00000000e2a80000, 0x0000000100000000)
  eden space 33280K, 100% used [0x00000000e0000000,0x00000000e2080000,0x00000000e2080000)
  from space 5120K, 0% used [0x00000000e2580000,0x00000000e2580000,0x00000000e2a80000)
  to   space 5120K, 0% used [0x00000000e2080000,0x00000000e2080000,0x00000000e2580000)
 ParOldGen       total 87552K, used 0K [0x00000000a0000000, 0x00000000a5580000, 0x00000000e0000000)
  object space 87552K, 0% used [0x00000000a0000000,0x00000000a0000000,0x00000000a5580000)
 Metaspace       used 6955K, capacity 7172K, committed 7424K, reserved 1056768K
  class space    used 850K, capacity 908K, committed 1024K, reserved 1048576K
Event: 1.380 GC heap after
Heap after GC invocations=1 (full 0):
 PSYoungGen      total 38400K, used 4152K [0x00000000e0000000, 0x00000000e2a80000, 0x0000000100000000)
  eden space 33280K, 0% used [0x00000000e0000000,0x00000000e0000000,0x00000000e2080000)
  from space 5120K, 81% used [0x00000000e2080000,0x00000000e248e2b8,0x00000000e2580000)
  to   space 5120K, 0% used [0x00000000e2580000,0x00000000e2580000,0x00000000e2a80000)
 ParOldGen       total 87552K, used 8K [0x00000000a0000000, 0x00000000a5580000, 0x00000000e0000000)
  object space 87552K, 0% used [0x00000000a0000000,0x00000000a0002000,0x00000000a5580000)
 Metaspace       used 6955K, capacity 7172K, committed 7424K, reserved 1056768K
  class space    used 850K, capacity 908K, committed 1024K, reserved 1048576K
}
Event: 1.964 GC heap before
{Heap before GC invocations=2 (full 0):
 PSYoungGen      total 38400K, used 37432K [0x00000000e0000000, 0x00000000e2a80000, 0x0000000100000000)
  eden space 33280K, 100% used [0x00000000e0000000,0x00000000e2080000,0x00000000e2080000)
  from space 5120K, 81% used [0x00000000e2080000,0x00000000e248e2b8,0x00000000e2580000)
  to   space 5120K, 0% used [0x00000000e2580000,0x00000000e2580000,0x00000000e2a80000)
 ParOldGen       total 87552K, used 8K [0x00000000a0000000, 0x00000000a5580000, 0x00000000e0000000)
  object space 87552K, 0% used [0x00000000a0000000,0x00000000a0002000,0x00000000a5580000)
 Metaspace       used 8953K, capacity 9192K, committed 9216K, reserved 1056768K
  class space    used 1170K, capacity 1258K, committed 1280K, reserved 1048576K
Event: 1.970 GC heap after
Heap after GC invocations=2 (full 0):
 PSYoungGen      total 38400K, used 4513K [0x00000000e0000000, 0x00000000e2a80000, 0x0000000100000000)
  eden space 33280K, 0% used [0x00000000e0000000,0x00000000e0000000,0x00000000e2080000)
  from space 5120K, 88% used [0x00000000e2580000,0x00000000e29e85e0,0x00000000e2a80000)
  to   space 5120K, 0% used [0x00000000e2080000,0x00000000e2080000,0x00000000e2580000)
 ParOldGen       total 87552K, used 16K [0x00000000a0000000, 0x00000000a5580000, 0x00000000e0000000)
  object space 87552K, 0% used [0x00000000a0000000,0x00000000a0004000,0x00000000a5580000)
 Metaspace       used 8953K, capacity 9192K, committed 9216K, reserved 1056768K
  class space    used 1170K, capacity 1258K, committed 1280K, reserved 1048576K
}
Event: 3.080 GC heap before
{Heap before GC invocations=3 (full 0):
 PSYoungGen      total 38400K, used 37793K [0x00000000e0000000, 0x00000000e2a80000, 0x0000000100000000)
  eden space 33280K, 100% used [0x00000000e0000000,0x00000000e2080000,0x00000000e2080000)
  from space 5120K, 88% used [0x00000000e2580000,0x00000000e29e85e0,0x00000000e2a80000)
  to   space 5120K, 0% used [0x00000000e2080000,0x00000000e2080000,0x00000000e2580000)
 ParOldGen       total 87552K, used 16K [0x00000000a0000000, 0x00000000a5580000, 0x00000000e0000000)
  object space 87552K, 0% used [0x00000000a0000000,0x00000000a0004000,0x00000000a5580000)
 Metaspace       used 13337K, capacity 13748K, committed 14080K, reserved 1060864K
  class space    used 1841K, capacity 1966K, committed 2048K, reserved 1048576K
Event: 3.089 GC heap after
Heap after GC invocations=3 (full 0):
 PSYoungGen      total 38400K, used 5088K [0x00000000e0000000, 0x00000000e2a80000, 0x0000000100000000)
  eden space 33280K, 0% used [0x00000000e0000000,0x00000000e0000000,0x00000000e2080000)
  from space 5120K, 99% used [0x00000000e2080000,0x00000000e2578040,0x00000000e2580000)
  to   space 5120K, 0% used [0x00000000e2580000,0x00000000e2580000,0x00000000e2a80000)
 ParOldGen       total 87552K, used 1841K [0x00000000a0000000, 0x00000000a5580000, 0x00000000e0000000)
  object space 87552K, 2% used [0x00000000a0000000,0x00000000a01cc4f0,0x00000000a5580000)
 Metaspace       used 13337K, capacity 13748K, committed 14080K, reserved 1060864K
  class space    used 1841K, capacity 1966K, committed 2048K, reserved 1048576K
}
Event: 3.608 GC heap before
{Heap before GC invocations=4 (full 0):
 PSYoungGen      total 38400K, used 38368K [0x00000000e0000000, 0x00000000e2a80000, 0x0000000100000000)
  eden space 33280K, 100% used [0x00000000e0000000,0x00000000e2080000,0x00000000e2080000)
  from space 5120K, 99% used [0x00000000e2080000,0x00000000e2578040,0x00000000e2580000)
  to   space 5120K, 0% used [0x00000000e2580000,0x00000000e2580000,0x00000000e2a80000)
 ParOldGen       total 87552K, used 1841K [0x00000000a0000000, 0x00000000a5580000, 0x00000000e0000000)
  object space 87552K, 2% used [0x00000000a0000000,0x00000000a01cc4f0,0x00000000a5580000)
 Metaspace       used 16209K, capacity 16612K, committed 16896K, reserved 1062912K
  class space    used 2305K, capacity 2456K, committed 2560K, reserved 1048576K
Event: 3.621 GC heap after
Heap after GC invocations=4 (full 0):
 PSYoungGen      total 38400K, used 5104K [0x00000000e0000000, 0x00000000e4b00000, 0x0000000100000000)
  eden space 33280K, 0% used [0x00000000e0000000,0x00000000e0000000,0x00000000e2080000)
  from space 5120K, 99% used [0x00000000e2580000,0x00000000e2a7c050,0x00000000e2a80000)
  to   space 5120K, 0% used [0x00000000e2080000,0x00000000e2080000,0x00000000e2580000)
 ParOldGen       total 87552K, used 4951K [0x00000000a0000000, 0x00000000a5580000, 0x00000000e0000000)
  object space 87552K, 5% used [0x00000000a0000000,0x00000000a04d5f20,0x00000000a5580000)
 Metaspace       used 16209K, capacity 16612K, committed 16896K, reserved 1062912K
  class space    used 2305K, capacity 2456K, committed 2560K, reserved 1048576K
}

Deoptimization events (10 events):
Event: 2.863 Thread 0x0000000017c05000 Uncommon trap: reason=class_check action=maybe_recompile pc=0x00000000027eb210 method=java.util.HashMap.putVal(ILjava/lang/Object;Ljava/lang/Object;ZZ)Ljava/lang/Object; @ 203
Event: 2.863 Thread 0x0000000017c05000 Uncommon trap: reason=bimorphic action=maybe_recompile pc=0x00000000027ea868 method=java.util.HashMap.putVal(ILjava/lang/Object;Ljava/lang/Object;ZZ)Ljava/lang/Object; @ 253
Event: 2.863 Thread 0x0000000017c05000 Uncommon trap: reason=bimorphic action=maybe_recompile pc=0x00000000027ea868 method=java.util.HashMap.putVal(ILjava/lang/Object;Ljava/lang/Object;ZZ)Ljava/lang/Object; @ 253
Event: 2.863 Thread 0x0000000017c05000 Uncommon trap: reason=bimorphic action=maybe_recompile pc=0x00000000027ea868 method=java.util.HashMap.putVal(ILjava/lang/Object;Ljava/lang/Object;ZZ)Ljava/lang/Object; @ 253
Event: 2.863 Thread 0x0000000017c05000 Uncommon trap: reason=bimorphic action=maybe_recompile pc=0x00000000027ea868 method=java.util.HashMap.putVal(ILjava/lang/Object;Ljava/lang/Object;ZZ)Ljava/lang/Object; @ 253
Event: 3.090 Thread 0x0000000017c05000 Uncommon trap: reason=class_check action=maybe_recompile pc=0x0000000002841004 method=java.util.regex.Matcher.match(II)Z @ 86
Event: 3.107 Thread 0x0000000017c05000 Uncommon trap: reason=class_check action=maybe_recompile pc=0x0000000002841004 method=java.util.regex.Matcher.match(II)Z @ 86
Event: 3.107 Thread 0x0000000017c05000 Uncommon trap: reason=class_check action=maybe_recompile pc=0x0000000002841004 method=java.util.regex.Matcher.match(II)Z @ 86
Event: 3.108 Thread 0x0000000017c05000 Uncommon trap: reason=class_check action=maybe_recompile pc=0x00000000027fb41c method=java.util.regex.Matcher.match(II)Z @ 86
Event: 3.400 Thread 0x0000000017c05000 Uncommon trap: reason=unstable_if action=reinterpret pc=0x0000000002904534 method=java.lang.String.lastIndexOf([CII[CIII)I @ 66

Classes redefined (0 events):
No events

Internal exceptions (10 events):
Event: 2.782 Thread 0x0000000018637000 Exception <a 'java/lang/NoSuchMethodError': <clinit>> (0x00000000e09c02c8) thrown at [D:\src\AOSP-openjdk-cygwin\jdk8u\hotspot\src\share\vm\prims\jni.cpp, line 1614]
Event: 2.788 Thread 0x0000000018637000 Exception <a 'java/lang/NoSuchMethodError': <clinit>> (0x00000000e09d34a0) thrown at [D:\src\AOSP-openjdk-cygwin\jdk8u\hotspot\src\share\vm\prims\jni.cpp, line 1614]
Event: 2.792 Thread 0x0000000018637000 Exception <a 'java/lang/NoSuchMethodError': <clinit>> (0x00000000e09fa8d0) thrown at [D:\src\AOSP-openjdk-cygwin\jdk8u\hotspot\src\share\vm\prims\jni.cpp, line 1614]
Event: 2.794 Thread 0x0000000018637000 Exception <a 'java/lang/NoSuchMethodError': <clinit>> (0x00000000e0a12918) thrown at [D:\src\AOSP-openjdk-cygwin\jdk8u\hotspot\src\share\vm\prims\jni.cpp, line 1614]
Event: 2.795 Thread 0x0000000018637000 Exception <a 'java/lang/NoSuchMethodError': <clinit>> (0x00000000e0a1b5a8) thrown at [D:\src\AOSP-openjdk-cygwin\jdk8u\hotspot\src\share\vm\prims\jni.cpp, line 1614]
Event: 2.797 Thread 0x0000000018637000 Exception <a 'java/lang/NoSuchMethodError': <clinit>> (0x00000000e0a31b90) thrown at [D:\src\AOSP-openjdk-cygwin\jdk8u\hotspot\src\share\vm\prims\jni.cpp, line 1614]
Event: 2.809 Thread 0x0000000018637000 Exception <a 'java/lang/NoSuchMethodError': <clinit>> (0x00000000e0a8f398) thrown at [D:\src\AOSP-openjdk-cygwin\jdk8u\hotspot\src\share\vm\prims\jni.cpp, line 1614]
Event: 2.816 Thread 0x0000000018637000 Exception <a 'java/lang/NoSuchMethodError': <clinit>> (0x00000000e0abc088) thrown at [D:\src\AOSP-openjdk-cygwin\jdk8u\hotspot\src\share\vm\prims\jni.cpp, line 1614]
Event: 2.823 Thread 0x0000000018637000 Exception <a 'java/lang/NoSuchMethodError': <clinit>> (0x00000000e0aea0d8) thrown at [D:\src\AOSP-openjdk-cygwin\jdk8u\hotspot\src\share\vm\prims\jni.cpp, line 1614]
Event: 2.824 Thread 0x0000000018637000 Exception <a 'java/lang/NoSuchMethodError': <clinit>> (0x00000000e0af54e0) thrown at [D:\src\AOSP-openjdk-cygwin\jdk8u\hotspot\src\share\vm\prims\jni.cpp, line 1614]

Events (10 events):
Event: 3.723 loading class org/apache/http/client/methods/HttpEntityEnclosingRequestBase
Event: 3.723 loading class org/apache/http/client/methods/HttpEntityEnclosingRequestBase done
Event: 3.723 loading class org/apache/http/HttpEntityEnclosingRequest
Event: 3.723 loading class org/apache/http/HttpEntityEnclosingRequest done
Event: 3.724 loading class org/gradle/internal/resource/transfer/DefaultExternalResourceConnector
Event: 3.724 loading class org/gradle/internal/resource/transfer/DefaultExternalResourceConnector done
Event: 3.724 loading class org/gradle/internal/resource/transfer/DefaultExternalResourceConnector$ExternalResourceAccessStats$Mode
Event: 3.724 loading class org/gradle/internal/resource/transfer/DefaultExternalResourceConnector$ExternalResourceAccessStats$Mode done
Event: 3.725 loading class org/gradle/internal/resource/transfer/DefaultExternalResourceConnector$ExternalResourceAccessStats
Event: 3.725 loading class org/gradle/internal/resource/transfer/DefaultExternalResourceConnector$ExternalResourceAccessStats done


Dynamic libraries:
0x00007ff70cb50000 - 0x00007ff70cb81000 	C:\Program Files\Android\Android Studio\jre\bin\java.exe
0x00007fffb5d20000 - 0x00007fffb5f10000 	C:\Windows\SYSTEM32\ntdll.dll
0x00007fffb5a90000 - 0x00007fffb5b42000 	C:\Windows\System32\KERNEL32.DLL
0x00007fffb3b30000 - 0x00007fffb3dd2000 	C:\Windows\System32\KERNELBASE.dll
0x00007fffb4bc0000 - 0x00007fffb4c63000 	C:\Windows\System32\ADVAPI32.dll
0x00007fffb59f0000 - 0x00007fffb5a8e000 	C:\Windows\System32\msvcrt.dll
0x00007fffb5c40000 - 0x00007fffb5cd7000 	C:\Windows\System32\sechost.dll
0x00007fffb4aa0000 - 0x00007fffb4bc0000 	C:\Windows\System32\RPCRT4.dll
0x00007fffb5850000 - 0x00007fffb59e3000 	C:\Windows\System32\USER32.dll
0x00007fffb2f40000 - 0x00007fffb2f61000 	C:\Windows\System32\win32u.dll
0x00007fffb5060000 - 0x00007fffb5086000 	C:\Windows\System32\GDI32.dll
0x00007fffb2f70000 - 0x00007fffb3104000 	C:\Windows\System32\gdi32full.dll
0x00007fffb2d80000 - 0x00007fffb2e1e000 	C:\Windows\System32\msvcp_win.dll
0x00007fffb38e0000 - 0x00007fffb39da000 	C:\Windows\System32\ucrtbase.dll
0x00007fffa5f50000 - 0x00007fffa61d5000 	C:\Windows\WinSxS\amd64_microsoft.windows.common-controls_6595b64144ccf1df_6.0.18362.30_none_a1435978519dce7f\COMCTL32.dll
0x00007fffb3de0000 - 0x00007fffb4116000 	C:\Windows\System32\combase.dll
0x00007fffb2e50000 - 0x00007fffb2ed1000 	C:\Windows\System32\bcryptPrimitives.dll
0x00007fffb4120000 - 0x00007fffb414e000 	C:\Windows\System32\IMM32.DLL
0x000000005e080000 - 0x000000005e152000 	C:\Program Files\Android\Android Studio\jre\jre\bin\msvcr100.dll
0x000000005e160000 - 0x000000005e9a6000 	C:\Program Files\Android\Android Studio\jre\jre\bin\server\jvm.dll
0x00007fffb5160000 - 0x00007fffb5168000 	C:\Windows\System32\PSAPI.DLL
0x00007fffaf4a0000 - 0x00007fffaf4a9000 	C:\Windows\SYSTEM32\WSOCK32.dll
0x00007fffb5090000 - 0x00007fffb50ff000 	C:\Windows\System32\WS2_32.dll
0x00007fffaf900000 - 0x00007fffaf924000 	C:\Windows\SYSTEM32\WINMM.dll
0x00007fffa4fd0000 - 0x00007fffa4fda000 	C:\Windows\SYSTEM32\VERSION.dll
0x00007fffaf8d0000 - 0x00007fffaf8fd000 	C:\Windows\SYSTEM32\winmmbase.dll
0x00007fffb3110000 - 0x00007fffb315a000 	C:\Windows\System32\cfgmgr32.dll
0x00007fffae760000 - 0x00007fffae76f000 	C:\Program Files\Android\Android Studio\jre\jre\bin\verify.dll
0x00007fffa87b0000 - 0x00007fffa87d9000 	C:\Program Files\Android\Android Studio\jre\jre\bin\java.dll
0x00007fffa87e0000 - 0x00007fffa87f6000 	C:\Program Files\Android\Android Studio\jre\jre\bin\zip.dll
0x00007fffb43c0000 - 0x00007fffb4aa0000 	C:\Windows\System32\SHELL32.dll
0x00007fffb41d0000 - 0x00007fffb4279000 	C:\Windows\System32\shcore.dll
0x00007fffb3160000 - 0x00007fffb38db000 	C:\Windows\System32\windows.storage.dll
0x00007fffb2c90000 - 0x00007fffb2caf000 	C:\Windows\System32\profapi.dll
0x00007fffb2c20000 - 0x00007fffb2c6a000 	C:\Windows\System32\powrprof.dll
0x00007fffb2bf0000 - 0x00007fffb2c00000 	C:\Windows\System32\UMPDC.dll
0x00007fffb5170000 - 0x00007fffb51c2000 	C:\Windows\System32\shlwapi.dll
0x00007fffb2c00000 - 0x00007fffb2c11000 	C:\Windows\System32\kernel.appcore.dll
0x00007fffb2d60000 - 0x00007fffb2d77000 	C:\Windows\System32\cryptsp.dll
0x00007fffa98c0000 - 0x00007fffa98da000 	C:\Program Files\Android\Android Studio\jre\jre\bin\net.dll
0x00007fffb2400000 - 0x00007fffb2467000 	C:\Windows\system32\mswsock.dll
0x00007fffa8800000 - 0x00007fffa8811000 	C:\Program Files\Android\Android Studio\jre\jre\bin\nio.dll
0x00007fff8de60000 - 0x00007fff8de86000 	C:\Users\admin\.gradle\native\29\windows-amd64\native-platform.dll
0x00007fffacd10000 - 0x00007fffacd1d000 	C:\Program Files\Android\Android Studio\jre\jre\bin\management.dll
0x00007fffb1fc0000 - 0x00007fffb1ff3000 	C:\Windows\system32\rsaenh.dll
0x00007fffb2e20000 - 0x00007fffb2e46000 	C:\Windows\System32\bcrypt.dll
0x00007fffb2b10000 - 0x00007fffb2b35000 	C:\Windows\SYSTEM32\USERENV.dll
0x00007fffb25d0000 - 0x00007fffb25dc000 	C:\Windows\SYSTEM32\CRYPTBASE.dll
0x00007fffb2160000 - 0x00007fffb219a000 	C:\Windows\SYSTEM32\IPHLPAPI.DLL
0x00007fffb4280000 - 0x00007fffb4288000 	C:\Windows\System32\NSI.dll
0x00007fffaa600000 - 0x00007fffaa616000 	C:\Windows\SYSTEM32\dhcpcsvc6.DLL
0x00007fffaa6d0000 - 0x00007fffaa6ec000 	C:\Windows\SYSTEM32\dhcpcsvc.DLL
0x00007fffb21a0000 - 0x00007fffb226a000 	C:\Windows\SYSTEM32\DNSAPI.dll

VM Arguments:
jvm_args: -Xmx1536m -Dfile.encoding=windows-1252 -Duser.country=IN -Duser.language=en -Duser.variant 
java_command: org.gradle.launcher.daemon.bootstrap.GradleDaemon 5.4.1
java_class_path (initial): C:\Users\admin\.gradle\wrapper\dists\gradle-5.4.1-all\3221gyojl5jsh0helicew7rwx\gradle-5.4.1\lib\gradle-launcher-5.4.1.jar
Launcher Type: SUN_STANDARD

Environment Variables:
PATH=C:\Windows\system32;C:\Windows;C:\Windows\System32\Wbem;C:\Windows\System32\WindowsPowerShell\v1.0\;C:\Windows\System32\OpenSSH\;C:\Users\admin\AppData\Local\Microsoft\WindowsApps
USERNAME=admin
OS=Windows_NT
PROCESSOR_IDENTIFIER=Intel64 Family 6 Model 58 Stepping 9, GenuineIntel



---------------  S Y S T E M  ---------------

OS: Windows 10.0 , 64 bit Build 18362 (10.0.18362.1)

CPU:total 4 (initial active 4) (2 cores per cpu, 2 threads per core) family 6 model 58 stepping 9, cmov, cx8, fxsr, mmx, sse, sse2, sse3, ssse3, sse4.1, sse4.2, popcnt, avx, aes, clmul, erms, ht, tsc, tscinvbit, tscinv

Memory: 4k page, physical 8265264k(2560404k free), swap 29917612k(6016k free)

vm_info: OpenJDK 64-Bit Server VM (25.202-b03) for windows-amd64 JRE (1.8.0_202-release-1483-b03), built by "builder" with MS VC++ 10.0 (VS2010)

time: Fri Jan 31 19:40:48 2020
timezone: India Standard Time
elapsed time: 3 seconds (0d 0h 0m 3s)

